2017/10/13 13:33:33 INFO  [org.springframework.web.servlet.DispatcherServlet] - FrameworkServlet 'MyServlet': initialization started
2017/10/13 13:33:33 INFO  [org.springframework.web.context.support.XmlWebApplicationContext] - Refreshing WebApplicationContext for namespace 'MyServlet-servlet': startup date [Fri Oct 13 13:33:33 CST 2017]; root of context hierarchy
2017/10/13 13:33:33 INFO  [org.springframework.beans.factory.xml.XmlBeanDefinitionReader] - Loading XML bean definitions from ServletContext resource [/WEB-INF/MyServlet-servlet.xml]
2017/10/13 13:33:35 INFO  [org.springframework.orm.jpa.LocalContainerEntityManagerFactoryBean] - Building JPA container EntityManagerFactory for persistence unit 'default'
2017/10/13 13:33:35 INFO  [org.hibernate.Version] - HHH000412: Hibernate Core {4.3.11.Final}
2017/10/13 13:33:35 INFO  [org.hibernate.cfg.Environment] - HHH000206: hibernate.properties not found
2017/10/13 13:33:35 INFO  [org.hibernate.cfg.Environment] - HHH000021: Bytecode provider name : javassist
2017/10/13 13:33:35 INFO  [org.hibernate.annotations.common.Version] - HCANN000001: Hibernate Commons Annotations {4.0.5.Final}
2017/10/13 13:33:36 INFO  [org.hibernate.dialect.Dialect] - HHH000400: Using dialect: org.hibernate.dialect.MySQL5InnoDBDialect
2017/10/13 13:33:36 INFO  [org.hibernate.hql.internal.ast.ASTQueryTranslatorFactory] - HHH000397: Using ASTQueryTranslatorFactory
2017/10/13 13:33:37 INFO  [org.hibernate.tool.hbm2ddl.SchemaUpdate] - HHH000228: Running hbm2ddl schema update
2017/10/13 13:33:37 INFO  [org.hibernate.tool.hbm2ddl.SchemaUpdate] - HHH000102: Fetching database metadata
2017/10/13 13:33:37 INFO  [org.hibernate.tool.hbm2ddl.SchemaUpdate] - HHH000396: Updating schema
2017/10/13 13:33:37 INFO  [org.hibernate.tool.hbm2ddl.TableMetadata] - HHH000261: Table found: test.tb_employee
2017/10/13 13:33:37 INFO  [org.hibernate.tool.hbm2ddl.TableMetadata] - HHH000037: Columns: [firstname, id, salary, lastname]
2017/10/13 13:33:37 INFO  [org.hibernate.tool.hbm2ddl.TableMetadata] - HHH000108: Foreign keys: []
2017/10/13 13:33:37 INFO  [org.hibernate.tool.hbm2ddl.TableMetadata] - HHH000126: Indexes: [primary]
2017/10/13 13:33:37 INFO  [org.hibernate.tool.hbm2ddl.SchemaUpdate] - HHH000232: Schema update complete
2017/10/13 13:33:37 INFO  [org.springframework.web.servlet.mvc.method.annotation.RequestMappingHandlerMapping] - Mapped "{[/hello],methods=[GET]}" onto private java.lang.String com.test.guo.controller.HelloController.hello()
2017/10/13 13:33:37 INFO  [org.springframework.web.servlet.mvc.method.annotation.RequestMappingHandlerMapping] - Mapped "{[/TestJpa],methods=[GET]}" onto private java.lang.String com.test.guo.controller.MysqlController.find()
2017/10/13 13:33:37 INFO  [org.springframework.web.servlet.mvc.method.annotation.RequestMappingHandlerAdapter] - Looking for @ControllerAdvice: WebApplicationContext for namespace 'MyServlet-servlet': startup date [Fri Oct 13 13:33:33 CST 2017]; root of context hierarchy
2017/10/13 13:33:37 INFO  [org.springframework.web.servlet.mvc.method.annotation.RequestMappingHandlerAdapter] - Looking for @ControllerAdvice: WebApplicationContext for namespace 'MyServlet-servlet': startup date [Fri Oct 13 13:33:33 CST 2017]; root of context hierarchy
2017/10/13 13:33:38 INFO  [org.springframework.web.servlet.DispatcherServlet] - FrameworkServlet 'MyServlet': initialization completed in 4680 ms
2017/10/13 13:33:38 INFO  [com.test.guo.controller.HelloController] - File:hello sjf4j!!!
